# JRE version: OpenJDK Runtime Environment (21.0.10) (build 21.0.10+-14961533-b1163.108)
# Java VM: OpenJDK 64-Bit Server VM (21.0.10+-14961533-b1163.108, mixed mode, tiered, compressed oops, compressed class ptrs, g1 gc, windows-amd64)
GC Precious Log:
 CardTable entry size: 512
 Card Set container configuration: InlinePtr #cards 5 size 8 Array Of Cards #cards 12 size 40 Howl #buckets 4 coarsen threshold 1843 Howl Bitmap #cards 512 size 80 coarsen threshold 460 Card regions per heap region 1 cards per card region 2048
 CPUs: 8 total, 8 available
 Memory: 6005M
 Large Page Support: Disabled
 NUMA Support: Disabled
 Compressed Oops: Enabled (32-bit)
 Heap Region Size: 1M
 Heap Min Capacity: 8M
 Heap Initial Capacity: 94M
 Heap Max Capacity: 512M
 Pre-touch: Disabled
 Parallel Workers: 8
 Concurrent Workers: 2
 Concurrent Refinement Workers: 8
 Periodic GC: Disabled
Heap:
 garbage-first heap   total 200704K, used 144860K [0x00000000e0000000, 0x0000000100000000)
  region size 1024K, 45 young (46080K), 7 survivors (7168K)
 Metaspace       used 121599K, committed 124096K, reserved 1179648K
  class space    used 17315K, committed 18560K, reserved 1048576K
GC Heap History (20 events):
Event: 34.318 GC heap before
{Heap before GC invocations=73 (full 0):
 garbage-first heap   total 176128K, used 161564K [0x00000000e0000000, 0x0000000100000000)
  region size 1024K, 62 young (63488K), 5 survivors (5120K)
 Metaspace       used 117841K, committed 120320K, reserved 1179648K
  class space    used 16823K, committed 18048K, reserved 1048576K
}
Event: 34.323 GC heap after
{Heap after GC invocations=74 (full 0):
 garbage-first heap   total 176128K, used 104645K [0x00000000e0000000, 0x0000000100000000)
  region size 1024K, 3 young (3072K), 3 survivors (3072K)
 Metaspace       used 117841K, committed 120320K, reserved 1179648K
  class space    used 16823K, committed 18048K, reserved 1048576K
}
Event: 34.463 GC heap before
{Heap before GC invocations=74 (full 0):
 garbage-first heap   total 176128K, used 164037K [0x00000000e0000000, 0x0000000100000000)
  region size 1024K, 62 young (63488K), 3 survivors (3072K)
 Metaspace       used 117855K, committed 120320K, reserved 1179648K
  class space    used 16823K, committed 18048K, reserved 1048576K
}
Event: 34.468 GC heap after
{Heap after GC invocations=75 (full 0):
 garbage-first heap   total 176128K, used 104552K [0x00000000e0000000, 0x0000000100000000)
  region size 1024K, 4 young (4096K), 4 survivors (4096K)
 Metaspace       used 117855K, committed 120320K, reserved 1179648K
  class space    used 16823K, committed 18048K, reserved 1048576K
}
Event: 34.643 GC heap before
{Heap before GC invocations=75 (full 0):
 garbage-first heap   total 176128K, used 163944K [0x00000000e0000000, 0x0000000100000000)
  region size 1024K, 63 young (64512K), 4 survivors (4096K)
 Metaspace       used 118085K, committed 120576K, reserved 1179648K
  class space    used 16862K, committed 18112K, reserved 1048576K
}
Event: 34.647 GC heap after
{Heap after GC invocations=76 (full 0):
 garbage-first heap   total 176128K, used 105273K [0x00000000e0000000, 0x0000000100000000)
  region size 1024K, 4 young (4096K), 4 survivors (4096K)
 Metaspace       used 118085K, committed 120576K, reserved 1179648K
  class space    used 16862K, committed 18112K, reserved 1048576K
}
Event: 35.016 GC heap before
{Heap before GC invocations=77 (full 0):
 garbage-first heap   total 176128K, used 164665K [0x00000000e0000000, 0x0000000100000000)
  region size 1024K, 63 young (64512K), 4 survivors (4096K)
 Metaspace       used 118106K, committed 120640K, reserved 1179648K
  class space    used 16864K, committed 18112K, reserved 1048576K
}
Event: 35.020 GC heap after
{Heap after GC invocations=78 (full 0):
 garbage-first heap   total 176128K, used 105542K [0x00000000e0000000, 0x0000000100000000)
  region size 1024K, 5 young (5120K), 5 survivors (5120K)
 Metaspace       used 118106K, committed 120640K, reserved 1179648K
  class space    used 16864K, committed 18112K, reserved 1048576K
}
Event: 35.148 GC heap before
{Heap before GC invocations=78 (full 0):
 garbage-first heap   total 176128K, used 164934K [0x00000000e0000000, 0x0000000100000000)
  region size 1024K, 63 young (64512K), 5 survivors (5120K)
 Metaspace       used 118106K, committed 120640K, reserved 1179648K
  class space    used 16864K, committed 18112K, reserved 1048576K
}
Event: 35.153 GC heap after
{Heap after GC invocations=79 (full 0):
 garbage-first heap   total 200704K, used 105606K [0x00000000e0000000, 0x0000000100000000)
  region size 1024K, 5 young (5120K), 5 survivors (5120K)
 Metaspace       used 118106K, committed 120640K, reserved 1179648K
  class space    used 16864K, committed 18112K, reserved 1048576K
}
Event: 35.289 GC heap before
{Heap before GC invocations=79 (full 0):
 garbage-first heap   total 200704K, used 187526K [0x00000000e0000000, 0x0000000100000000)
  region size 1024K, 86 young (88064K), 5 survivors (5120K)
 Metaspace       used 118107K, committed 120640K, reserved 1179648K
  class space    used 16864K, committed 18112K, reserved 1048576K
}
Event: 35.293 GC heap after
{Heap after GC invocations=80 (full 0):
 garbage-first heap   total 200704K, used 106002K [0x00000000e0000000, 0x0000000100000000)
  region size 1024K, 5 young (5120K), 5 survivors (5120K)
 Metaspace       used 118107K, committed 120640K, reserved 1179648K
  class space    used 16864K, committed 18112K, reserved 1048576K
}
Event: 35.409 GC heap before
{Heap before GC invocations=80 (full 0):
 garbage-first heap   total 200704K, used 188946K [0x00000000e0000000, 0x0000000100000000)
  region size 1024K, 86 young (88064K), 5 survivors (5120K)
 Metaspace       used 118107K, committed 120640K, reserved 1179648K
  class space    used 16864K, committed 18112K, reserved 1048576K
}
Event: 35.413 GC heap after
{Heap after GC invocations=81 (full 0):
 garbage-first heap   total 200704K, used 106261K [0x00000000e0000000, 0x0000000100000000)
  region size 1024K, 5 young (5120K), 5 survivors (5120K)
 Metaspace       used 118107K, committed 120640K, reserved 1179648K
  class space    used 16864K, committed 18112K, reserved 1048576K
}
Event: 35.598 GC heap before
{Heap before GC invocations=81 (full 0):
 garbage-first heap   total 200704K, used 189205K [0x00000000e0000000, 0x0000000100000000)
  region size 1024K, 86 young (88064K), 5 survivors (5120K)
 Metaspace       used 118221K, committed 120704K, reserved 1179648K
  class space    used 16875K, committed 18112K, reserved 1048576K
}
Event: 35.604 GC heap after
{Heap after GC invocations=82 (full 0):
 garbage-first heap   total 200704K, used 107260K [0x00000000e0000000, 0x0000000100000000)
  region size 1024K, 6 young (6144K), 6 survivors (6144K)
 Metaspace       used 118221K, committed 120704K, reserved 1179648K
  class space    used 16875K, committed 18112K, reserved 1048576K
}
Event: 35.803 GC heap before
{Heap before GC invocations=83 (full 0):
 garbage-first heap   total 200704K, used 189180K [0x00000000e0000000, 0x0000000100000000)
  region size 1024K, 86 young (88064K), 6 survivors (6144K)
 Metaspace       used 118223K, committed 120704K, reserved 1179648K
  class space    used 16875K, committed 18112K, reserved 1048576K
}
Event: 35.807 GC heap after
{Heap after GC invocations=84 (full 0):
 garbage-first heap   total 200704K, used 107611K [0x00000000e0000000, 0x0000000100000000)
  region size 1024K, 7 young (7168K), 7 survivors (7168K)
 Metaspace       used 118223K, committed 120704K, reserved 1179648K
  class space    used 16875K, committed 18112K, reserved 1048576K
}
Event: 35.964 GC heap before
{Heap before GC invocations=84 (full 0):
 garbage-first heap   total 200704K, used 187483K [0x00000000e0000000, 0x0000000100000000)
  region size 1024K, 86 young (88064K), 7 survivors (7168K)
 Metaspace       used 118455K, committed 120960K, reserved 1179648K
  class space    used 16934K, committed 18176K, reserved 1048576K
}
Event: 35.972 GC heap after
{Heap after GC invocations=85 (full 0):
 garbage-first heap   total 200704K, used 107996K [0x00000000e0000000, 0x0000000100000000)
  region size 1024K, 7 young (7168K), 7 survivors (7168K)
 Metaspace       used 118455K, committed 120960K, reserved 1179648K
  class space    used 16934K, committed 18176K, reserved 1048576K
}

