# JRE version: OpenJDK Runtime Environment (21.0.10) (build 21.0.10+-14961533-b1163.108)
# Java VM: OpenJDK 64-Bit Server VM (21.0.10+-14961533-b1163.108, mixed mode, tiered, compressed oops, compressed class ptrs, g1 gc, windows-amd64)
GC Precious Log:
 CardTable entry size: 512
 Card Set container configuration: InlinePtr #cards 5 size 8 Array Of Cards #cards 12 size 40 Howl #buckets 4 coarsen threshold 1843 Howl Bitmap #cards 512 size 80 coarsen threshold 460 Card regions per heap region 1 cards per card region 2048
 CPUs: 8 total, 8 available
 Memory: 6005M
 Large Page Support: Disabled
 NUMA Support: Disabled
 Compressed Oops: Enabled (32-bit)
 Heap Region Size: 1M
 Heap Min Capacity: 8M
 Heap Initial Capacity: 94M
 Heap Max Capacity: 2G
 Pre-touch: Disabled
 Parallel Workers: 8
 Concurrent Workers: 2
 Concurrent Refinement Workers: 8
 Periodic GC: Disabled
Heap:
 garbage-first heap   total 331776K, used 189280K [0x0000000080000000, 0x0000000100000000)
  region size 1024K, 90 young (92160K), 2 survivors (2048K)
 Metaspace       used 142126K, committed 144000K, reserved 1179648K
  class space    used 18502K, committed 19392K, reserved 1048576K
GC Heap History (20 events):
Event: 36.442 GC heap before
{Heap before GC invocations=94 (full 0):
 garbage-first heap   total 350208K, used 289003K [0x0000000080000000, 0x0000000100000000)
  region size 1024K, 181 young (185344K), 10 survivors (10240K)
 Metaspace       used 59268K, committed 60608K, reserved 1114112K
  class space    used 7849K, committed 8512K, reserved 1048576K
}
Event: 36.449 GC heap after
{Heap after GC invocations=95 (full 0):
 garbage-first heap   total 350208K, used 113520K [0x0000000080000000, 0x0000000100000000)
  region size 1024K, 8 young (8192K), 8 survivors (8192K)
 Metaspace       used 59268K, committed 60608K, reserved 1114112K
  class space    used 7849K, committed 8512K, reserved 1048576K
}
Event: 39.908 GC heap before
{Heap before GC invocations=96 (full 0):
 garbage-first heap   total 350208K, used 306032K [0x0000000080000000, 0x0000000100000000)
  region size 1024K, 205 young (209920K), 8 survivors (8192K)
 Metaspace       used 81887K, committed 83328K, reserved 1179648K
  class space    used 11079K, committed 11776K, reserved 1048576K
}
Event: 39.921 GC heap after
{Heap after GC invocations=97 (full 0):
 garbage-first heap   total 350208K, used 122586K [0x0000000080000000, 0x0000000100000000)
  region size 1024K, 25 young (25600K), 25 survivors (25600K)
 Metaspace       used 81887K, committed 83328K, reserved 1179648K
  class space    used 11079K, committed 11776K, reserved 1048576K
}
Event: 42.864 GC heap before
{Heap before GC invocations=97 (full 0):
 garbage-first heap   total 350208K, used 306906K [0x0000000080000000, 0x0000000100000000)
  region size 1024K, 205 young (209920K), 25 survivors (25600K)
 Metaspace       used 100295K, committed 101760K, reserved 1179648K
  class space    used 13146K, committed 13824K, reserved 1048576K
}
Event: 42.883 GC heap after
{Heap after GC invocations=98 (full 0):
 garbage-first heap   total 357376K, used 121537K [0x0000000080000000, 0x0000000100000000)
  region size 1024K, 23 young (23552K), 23 survivors (23552K)
 Metaspace       used 100295K, committed 101760K, reserved 1179648K
  class space    used 13146K, committed 13824K, reserved 1048576K
}
Event: 42.884 GC heap before
{Heap before GC invocations=98 (full 0):
 garbage-first heap   total 357376K, used 121537K [0x0000000080000000, 0x0000000100000000)
  region size 1024K, 24 young (24576K), 23 survivors (23552K)
 Metaspace       used 100315K, committed 101760K, reserved 1179648K
  class space    used 13146K, committed 13824K, reserved 1048576K
}
Event: 42.892 GC heap after
{Heap after GC invocations=99 (full 0):
 garbage-first heap   total 357376K, used 123317K [0x0000000080000000, 0x0000000100000000)
  region size 1024K, 2 young (2048K), 2 survivors (2048K)
 Metaspace       used 100315K, committed 101760K, reserved 1179648K
  class space    used 13146K, committed 13824K, reserved 1048576K
}
Event: 47.563 GC heap before
{Heap before GC invocations=100 (full 0):
 garbage-first heap   total 331776K, used 286133K [0x0000000080000000, 0x0000000100000000)
  region size 1024K, 186 young (190464K), 2 survivors (2048K)
 Metaspace       used 124208K, committed 125952K, reserved 1179648K
  class space    used 16064K, committed 16896K, reserved 1048576K
}
Event: 47.579 GC heap after
{Heap after GC invocations=101 (full 0):
 garbage-first heap   total 331776K, used 109117K [0x0000000080000000, 0x0000000100000000)
  region size 1024K, 13 young (13312K), 13 survivors (13312K)
 Metaspace       used 124208K, committed 125952K, reserved 1179648K
  class space    used 16064K, committed 16896K, reserved 1048576K
}
Event: 66.374 GC heap before
{Heap before GC invocations=101 (full 0):
 garbage-first heap   total 331776K, used 293437K [0x0000000080000000, 0x0000000100000000)
  region size 1024K, 187 young (191488K), 13 survivors (13312K)
 Metaspace       used 139160K, committed 140928K, reserved 1179648K
  class space    used 18179K, committed 19008K, reserved 1048576K
}
Event: 66.392 GC heap after
{Heap after GC invocations=102 (full 0):
 garbage-first heap   total 331776K, used 120746K [0x0000000080000000, 0x0000000100000000)
  region size 1024K, 19 young (19456K), 19 survivors (19456K)
 Metaspace       used 139160K, committed 140928K, reserved 1179648K
  class space    used 18179K, committed 19008K, reserved 1048576K
}
Event: 67.354 GC heap before
{Heap before GC invocations=102 (full 0):
 garbage-first heap   total 331776K, used 293802K [0x0000000080000000, 0x0000000100000000)
  region size 1024K, 188 young (192512K), 19 survivors (19456K)
 Metaspace       used 139186K, committed 140992K, reserved 1179648K
  class space    used 18183K, committed 19072K, reserved 1048576K
}
Event: 67.363 GC heap after
{Heap after GC invocations=103 (full 0):
 garbage-first heap   total 331776K, used 123058K [0x0000000080000000, 0x0000000100000000)
  region size 1024K, 10 young (10240K), 10 survivors (10240K)
 Metaspace       used 139186K, committed 140992K, reserved 1179648K
  class space    used 18183K, committed 19072K, reserved 1048576K
}
Event: 68.669 GC heap before
{Heap before GC invocations=104 (full 0):
 garbage-first heap   total 331776K, used 300210K [0x0000000080000000, 0x0000000100000000)
  region size 1024K, 183 young (187392K), 10 survivors (10240K)
 Metaspace       used 139186K, committed 140992K, reserved 1179648K
  class space    used 18183K, committed 19072K, reserved 1048576K
}
Event: 68.674 GC heap after
{Heap after GC invocations=105 (full 0):
 garbage-first heap   total 331776K, used 125599K [0x0000000080000000, 0x0000000100000000)
  region size 1024K, 13 young (13312K), 13 survivors (13312K)
 Metaspace       used 139186K, committed 140992K, reserved 1179648K
  class space    used 18183K, committed 19072K, reserved 1048576K
}
Event: 70.162 GC heap before
{Heap before GC invocations=105 (full 0):
 garbage-first heap   total 331776K, used 304799K [0x0000000080000000, 0x0000000100000000)
  region size 1024K, 188 young (192512K), 13 survivors (13312K)
 Metaspace       used 139186K, committed 140992K, reserved 1179648K
  class space    used 18183K, committed 19072K, reserved 1048576K
}
Event: 70.169 GC heap after
{Heap after GC invocations=106 (full 0):
 garbage-first heap   total 331776K, used 125309K [0x0000000080000000, 0x0000000100000000)
  region size 1024K, 16 young (16384K), 16 survivors (16384K)
 Metaspace       used 139186K, committed 140992K, reserved 1179648K
  class space    used 18183K, committed 19072K, reserved 1048576K
}
Event: 71.348 GC heap before
{Heap before GC invocations=106 (full 0):
 garbage-first heap   total 331776K, used 266621K [0x0000000080000000, 0x0000000100000000)
  region size 1024K, 155 young (158720K), 16 survivors (16384K)
 Metaspace       used 139278K, committed 141120K, reserved 1179648K
  class space    used 18208K, committed 19136K, reserved 1048576K
}
Event: 71.355 GC heap after
{Heap after GC invocations=107 (full 0):
 garbage-first heap   total 331776K, used 110432K [0x0000000080000000, 0x0000000100000000)
  region size 1024K, 2 young (2048K), 2 survivors (2048K)
 Metaspace       used 139278K, committed 141120K, reserved 1179648K
  class space    used 18208K, committed 19136K, reserved 1048576K
}

