# JRE version: OpenJDK Runtime Environment (21.0.10) (build 21.0.10+-14961533-b1163.108)
# Java VM: OpenJDK 64-Bit Server VM (21.0.10+-14961533-b1163.108, mixed mode, tiered, compressed oops, compressed class ptrs, g1 gc, windows-amd64)
GC Precious Log:
 CardTable entry size: 512
 Card Set container configuration: InlinePtr #cards 5 size 8 Array Of Cards #cards 12 size 40 Howl #buckets 4 coarsen threshold 1843 Howl Bitmap #cards 512 size 80 coarsen threshold 460 Card regions per heap region 1 cards per card region 2048
 CPUs: 8 total, 8 available
 Memory: 6005M
 Large Page Support: Disabled
 NUMA Support: Disabled
 Compressed Oops: Enabled (32-bit)
 Heap Region Size: 1M
 Heap Min Capacity: 8M
 Heap Initial Capacity: 94M
 Heap Max Capacity: 1G
 Pre-touch: Disabled
 Parallel Workers: 8
 Concurrent Workers: 2
 Concurrent Refinement Workers: 8
 Periodic GC: Disabled
Heap:
 garbage-first heap   total 138240K, used 76431K [0x00000000c0000000, 0x0000000100000000)
  region size 1024K, 12 young (12288K), 6 survivors (6144K)
 Metaspace       used 76283K, committed 78208K, reserved 458752K
  class space    used 10833K, committed 11776K, reserved 327680K
GC Heap History (20 events):
Event: 17.821 GC heap before
{Heap before GC invocations=31 (full 0):
 garbage-first heap   total 107520K, used 97431K [0x00000000c0000000, 0x0000000100000000)
  region size 1024K, 35 young (35840K), 2 survivors (2048K)
 Metaspace       used 70337K, committed 72128K, reserved 393216K
  class space    used 9987K, committed 10880K, reserved 327680K
}
Event: 17.824 GC heap after
{Heap after GC invocations=32 (full 0):
 garbage-first heap   total 107520K, used 65097K [0x00000000c0000000, 0x0000000100000000)
  region size 1024K, 2 young (2048K), 2 survivors (2048K)
 Metaspace       used 70337K, committed 72128K, reserved 393216K
  class space    used 9987K, committed 10880K, reserved 327680K
}
Event: 18.127 GC heap before
{Heap before GC invocations=32 (full 0):
 garbage-first heap   total 107520K, used 99913K [0x00000000c0000000, 0x0000000100000000)
  region size 1024K, 36 young (36864K), 2 survivors (2048K)
 Metaspace       used 70488K, committed 72320K, reserved 393216K
  class space    used 9987K, committed 10880K, reserved 327680K
}
Event: 18.130 GC heap after
{Heap after GC invocations=33 (full 0):
 garbage-first heap   total 107520K, used 65782K [0x00000000c0000000, 0x0000000100000000)
  region size 1024K, 3 young (3072K), 3 survivors (3072K)
 Metaspace       used 70488K, committed 72320K, reserved 393216K
  class space    used 9987K, committed 10880K, reserved 327680K
}
Event: 18.340 GC heap before
{Heap before GC invocations=34 (full 0):
 garbage-first heap   total 111616K, used 99574K [0x00000000c0000000, 0x0000000100000000)
  region size 1024K, 37 young (37888K), 3 survivors (3072K)
 Metaspace       used 70476K, committed 72320K, reserved 393216K
  class space    used 9981K, committed 10880K, reserved 327680K
}
Event: 18.343 GC heap after
{Heap after GC invocations=35 (full 0):
 garbage-first heap   total 111616K, used 66222K [0x00000000c0000000, 0x0000000100000000)
  region size 1024K, 3 young (3072K), 3 survivors (3072K)
 Metaspace       used 70476K, committed 72320K, reserved 393216K
  class space    used 9981K, committed 10880K, reserved 327680K
}
Event: 18.508 GC heap before
{Heap before GC invocations=35 (full 0):
 garbage-first heap   total 111616K, used 104110K [0x00000000c0000000, 0x0000000100000000)
  region size 1024K, 41 young (41984K), 3 survivors (3072K)
 Metaspace       used 70557K, committed 72320K, reserved 393216K
  class space    used 9983K, committed 10880K, reserved 327680K
}
Event: 18.513 GC heap after
{Heap after GC invocations=36 (full 0):
 garbage-first heap   total 111616K, used 66414K [0x00000000c0000000, 0x0000000100000000)
  region size 1024K, 4 young (4096K), 4 survivors (4096K)
 Metaspace       used 70557K, committed 72320K, reserved 393216K
  class space    used 9983K, committed 10880K, reserved 327680K
}
Event: 18.665 GC heap before
{Heap before GC invocations=36 (full 0):
 garbage-first heap   total 111616K, used 103278K [0x00000000c0000000, 0x0000000100000000)
  region size 1024K, 41 young (41984K), 4 survivors (4096K)
 Metaspace       used 70752K, committed 72640K, reserved 393216K
  class space    used 10016K, committed 10944K, reserved 327680K
}
Event: 18.668 GC heap after
{Heap after GC invocations=37 (full 0):
 garbage-first heap   total 111616K, used 67243K [0x00000000c0000000, 0x0000000100000000)
  region size 1024K, 4 young (4096K), 4 survivors (4096K)
 Metaspace       used 70752K, committed 72640K, reserved 393216K
  class space    used 10016K, committed 10944K, reserved 327680K
}
Event: 18.880 GC heap before
{Heap before GC invocations=38 (full 0):
 garbage-first heap   total 114688K, used 102059K [0x00000000c0000000, 0x0000000100000000)
  region size 1024K, 39 young (39936K), 4 survivors (4096K)
 Metaspace       used 70897K, committed 72768K, reserved 393216K
  class space    used 10031K, committed 10944K, reserved 327680K
}
Event: 18.884 GC heap after
{Heap after GC invocations=39 (full 0):
 garbage-first heap   total 114688K, used 67993K [0x00000000c0000000, 0x0000000100000000)
  region size 1024K, 4 young (4096K), 4 survivors (4096K)
 Metaspace       used 70897K, committed 72768K, reserved 393216K
  class space    used 10031K, committed 10944K, reserved 327680K
}
Event: 19.003 GC heap before
{Heap before GC invocations=39 (full 0):
 garbage-first heap   total 114688K, used 105881K [0x00000000c0000000, 0x0000000100000000)
  region size 1024K, 42 young (43008K), 4 survivors (4096K)
 Metaspace       used 71030K, committed 72896K, reserved 393216K
  class space    used 10053K, committed 11008K, reserved 327680K
}
Event: 19.007 GC heap after
{Heap after GC invocations=40 (full 0):
 garbage-first heap   total 114688K, used 68496K [0x00000000c0000000, 0x0000000100000000)
  region size 1024K, 4 young (4096K), 4 survivors (4096K)
 Metaspace       used 71030K, committed 72896K, reserved 393216K
  class space    used 10053K, committed 11008K, reserved 327680K
}
Event: 19.139 GC heap before
{Heap before GC invocations=40 (full 0):
 garbage-first heap   total 114688K, used 105360K [0x00000000c0000000, 0x0000000100000000)
  region size 1024K, 41 young (41984K), 4 survivors (4096K)
 Metaspace       used 71063K, committed 72896K, reserved 393216K
  class space    used 10060K, committed 11008K, reserved 327680K
}
Event: 19.143 GC heap after
{Heap after GC invocations=41 (full 0):
 garbage-first heap   total 138240K, used 68704K [0x00000000c0000000, 0x0000000100000000)
  region size 1024K, 4 young (4096K), 4 survivors (4096K)
 Metaspace       used 71063K, committed 72896K, reserved 393216K
  class space    used 10060K, committed 11008K, reserved 327680K
}
Event: 19.442 GC heap before
{Heap before GC invocations=42 (full 0):
 garbage-first heap   total 138240K, used 128096K [0x00000000c0000000, 0x0000000100000000)
  region size 1024K, 63 young (64512K), 4 survivors (4096K)
 Metaspace       used 71535K, committed 73408K, reserved 393216K
  class space    used 10127K, committed 11072K, reserved 327680K
}
Event: 19.446 GC heap after
{Heap after GC invocations=43 (full 0):
 garbage-first heap   total 138240K, used 69626K [0x00000000c0000000, 0x0000000100000000)
  region size 1024K, 5 young (5120K), 5 survivors (5120K)
 Metaspace       used 71535K, committed 73408K, reserved 393216K
  class space    used 10127K, committed 11072K, reserved 327680K
}
Event: 20.057 GC heap before
{Heap before GC invocations=43 (full 0):
 garbage-first heap   total 138240K, used 127994K [0x00000000c0000000, 0x0000000100000000)
  region size 1024K, 63 young (64512K), 5 survivors (5120K)
 Metaspace       used 75688K, committed 77632K, reserved 458752K
  class space    used 10727K, committed 11712K, reserved 327680K
}
Event: 20.062 GC heap after
{Heap after GC invocations=44 (full 0):
 garbage-first heap   total 138240K, used 71311K [0x00000000c0000000, 0x0000000100000000)
  region size 1024K, 6 young (6144K), 6 survivors (6144K)
 Metaspace       used 75688K, committed 77632K, reserved 458752K
  class space    used 10727K, committed 11712K, reserved 327680K
}

