# JRE version: OpenJDK Runtime Environment (21.0.10) (build 21.0.10+-14961533-b1163.108)
# Java VM: OpenJDK 64-Bit Server VM (21.0.10+-14961533-b1163.108, mixed mode, tiered, compressed oops, compressed class ptrs, g1 gc, windows-amd64)
GC Precious Log:
 CardTable entry size: 512
 Card Set container configuration: InlinePtr #cards 5 size 8 Array Of Cards #cards 12 size 40 Howl #buckets 4 coarsen threshold 1843 Howl Bitmap #cards 512 size 80 coarsen threshold 460 Card regions per heap region 1 cards per card region 2048
 CPUs: 8 total, 8 available
 Memory: 6005M
 Large Page Support: Disabled
 NUMA Support: Disabled
 Compressed Oops: Enabled (32-bit)
 Heap Region Size: 1M
 Heap Min Capacity: 8M
 Heap Initial Capacity: 94M
 Heap Max Capacity: 768M
 Pre-touch: Disabled
 Parallel Workers: 8
 Concurrent Workers: 2
 Concurrent Refinement Workers: 8
 Periodic GC: Disabled
Heap:
 garbage-first heap   total 112640K, used 86093K [0x00000000d0000000, 0x0000000100000000)
  region size 1024K, 22 young (22528K), 4 survivors (4096K)
 Metaspace       used 84660K, committed 86656K, reserved 344064K
  class space    used 11796K, committed 12736K, reserved 212992K
GC Heap History (20 events):
Event: 22.163 GC heap before
{Heap before GC invocations=34 (full 0):
 garbage-first heap   total 78848K, used 71105K [0x00000000d0000000, 0x0000000100000000)
  region size 1024K, 28 young (28672K), 3 survivors (3072K)
 Metaspace       used 72177K, committed 73984K, reserved 278528K
  class space    used 10081K, committed 10944K, reserved 212992K
}
Event: 22.166 GC heap after
{Heap after GC invocations=35 (full 0):
 garbage-first heap   total 78848K, used 46637K [0x00000000d0000000, 0x0000000100000000)
  region size 1024K, 3 young (3072K), 3 survivors (3072K)
 Metaspace       used 72177K, committed 73984K, reserved 278528K
  class space    used 10081K, committed 10944K, reserved 212992K
}
Event: 22.256 GC heap before
{Heap before GC invocations=35 (full 0):
 garbage-first heap   total 78848K, used 71213K [0x00000000d0000000, 0x0000000100000000)
  region size 1024K, 28 young (28672K), 3 survivors (3072K)
 Metaspace       used 72182K, committed 73984K, reserved 278528K
  class space    used 10081K, committed 10944K, reserved 212992K
}
Event: 22.259 GC heap after
{Heap after GC invocations=36 (full 0):
 garbage-first heap   total 78848K, used 46922K [0x00000000d0000000, 0x0000000100000000)
  region size 1024K, 3 young (3072K), 3 survivors (3072K)
 Metaspace       used 72182K, committed 73984K, reserved 278528K
  class space    used 10081K, committed 10944K, reserved 212992K
}
Event: 22.404 GC heap before
{Heap before GC invocations=37 (full 0):
 garbage-first heap   total 80896K, used 71498K [0x00000000d0000000, 0x0000000100000000)
  region size 1024K, 28 young (28672K), 3 survivors (3072K)
 Metaspace       used 72184K, committed 73984K, reserved 278528K
  class space    used 10081K, committed 10944K, reserved 212992K
}
Event: 22.406 GC heap after
{Heap after GC invocations=38 (full 0):
 garbage-first heap   total 80896K, used 47071K [0x00000000d0000000, 0x0000000100000000)
  region size 1024K, 3 young (3072K), 3 survivors (3072K)
 Metaspace       used 72184K, committed 73984K, reserved 278528K
  class space    used 10081K, committed 10944K, reserved 212992K
}
Event: 22.472 GC heap before
{Heap before GC invocations=38 (full 0):
 garbage-first heap   total 80896K, used 74719K [0x00000000d0000000, 0x0000000100000000)
  region size 1024K, 30 young (30720K), 3 survivors (3072K)
 Metaspace       used 72184K, committed 73984K, reserved 278528K
  class space    used 10081K, committed 10944K, reserved 212992K
}
Event: 22.481 GC heap after
{Heap after GC invocations=39 (full 0):
 garbage-first heap   total 97280K, used 47164K [0x00000000d0000000, 0x0000000100000000)
  region size 1024K, 3 young (3072K), 3 survivors (3072K)
 Metaspace       used 72184K, committed 73984K, reserved 278528K
  class space    used 10081K, committed 10944K, reserved 212992K
}
Event: 22.664 GC heap before
{Heap before GC invocations=39 (full 0):
 garbage-first heap   total 97280K, used 90172K [0x00000000d0000000, 0x0000000100000000)
  region size 1024K, 45 young (46080K), 3 survivors (3072K)
 Metaspace       used 72188K, committed 73984K, reserved 278528K
  class space    used 10081K, committed 10944K, reserved 212992K
}
Event: 22.667 GC heap after
{Heap after GC invocations=40 (full 0):
 garbage-first heap   total 97280K, used 47559K [0x00000000d0000000, 0x0000000100000000)
  region size 1024K, 3 young (3072K), 3 survivors (3072K)
 Metaspace       used 72188K, committed 73984K, reserved 278528K
  class space    used 10081K, committed 10944K, reserved 212992K
}
Event: 23.181 GC heap before
{Heap before GC invocations=40 (full 0):
 garbage-first heap   total 97280K, used 80327K [0x00000000d0000000, 0x0000000100000000)
  region size 1024K, 37 young (37888K), 3 survivors (3072K)
 Metaspace       used 72406K, committed 74304K, reserved 278528K
  class space    used 10118K, committed 11008K, reserved 212992K
}
Event: 23.184 GC heap after
{Heap after GC invocations=41 (full 0):
 garbage-first heap   total 97280K, used 48418K [0x00000000d0000000, 0x0000000100000000)
  region size 1024K, 4 young (4096K), 4 survivors (4096K)
 Metaspace       used 72406K, committed 74304K, reserved 278528K
  class space    used 10118K, committed 11008K, reserved 212992K
}
Event: 25.075 GC heap before
{Heap before GC invocations=42 (full 0):
 garbage-first heap   total 97280K, used 95522K [0x00000000d0000000, 0x0000000100000000)
  region size 1024K, 42 young (43008K), 4 survivors (4096K)
 Metaspace       used 74448K, committed 76352K, reserved 278528K
  class space    used 10396K, committed 11328K, reserved 212992K
}
Event: 25.081 GC heap after
{Heap after GC invocations=43 (full 0):
 garbage-first heap   total 107520K, used 63123K [0x00000000d0000000, 0x0000000100000000)
  region size 1024K, 6 young (6144K), 6 survivors (6144K)
 Metaspace       used 74448K, committed 76352K, reserved 278528K
  class space    used 10396K, committed 11328K, reserved 212992K
}
Event: 26.688 GC heap before
{Heap before GC invocations=43 (full 0):
 garbage-first heap   total 107520K, used 97939K [0x00000000d0000000, 0x0000000100000000)
  region size 1024K, 41 young (41984K), 6 survivors (6144K)
 Metaspace       used 78079K, committed 80000K, reserved 344064K
  class space    used 10801K, committed 11712K, reserved 212992K
}
Event: 26.693 GC heap after
{Heap after GC invocations=44 (full 0):
 garbage-first heap   total 108544K, used 64584K [0x00000000d0000000, 0x0000000100000000)
  region size 1024K, 2 young (2048K), 2 survivors (2048K)
 Metaspace       used 78079K, committed 80000K, reserved 344064K
  class space    used 10801K, committed 11712K, reserved 212992K
}
Event: 27.465 GC heap before
{Heap before GC invocations=44 (full 0):
 garbage-first heap   total 108544K, used 79944K [0x00000000d0000000, 0x0000000100000000)
  region size 1024K, 18 young (18432K), 2 survivors (2048K)
 Metaspace       used 79801K, committed 81792K, reserved 344064K
  class space    used 11103K, committed 12096K, reserved 212992K
}
Event: 27.468 GC heap after
{Heap after GC invocations=45 (full 0):
 garbage-first heap   total 108544K, used 65043K [0x00000000d0000000, 0x0000000100000000)
  region size 1024K, 2 young (2048K), 2 survivors (2048K)
 Metaspace       used 79801K, committed 81792K, reserved 344064K
  class space    used 11103K, committed 12096K, reserved 212992K
}
Event: 29.087 GC heap before
{Heap before GC invocations=46 (full 0):
 garbage-first heap   total 112640K, used 101907K [0x00000000d0000000, 0x0000000100000000)
  region size 1024K, 37 young (37888K), 2 survivors (2048K)
 Metaspace       used 83527K, committed 85504K, reserved 344064K
  class space    used 11621K, committed 12544K, reserved 212992K
}
Event: 29.091 GC heap after
{Heap after GC invocations=47 (full 0):
 garbage-first heap   total 112640K, used 68685K [0x00000000d0000000, 0x0000000100000000)
  region size 1024K, 4 young (4096K), 4 survivors (4096K)
 Metaspace       used 83527K, committed 85504K, reserved 344064K
  class space    used 11621K, committed 12544K, reserved 212992K
}

