# JRE version: OpenJDK Runtime Environment (21.0.10) (build 21.0.10+-14961533-b1163.108)
# Java VM: OpenJDK 64-Bit Server VM (21.0.10+-14961533-b1163.108, mixed mode, tiered, compressed oops, compressed class ptrs, g1 gc, windows-amd64)
GC Precious Log:
 CardTable entry size: 512
 Card Set container configuration: InlinePtr #cards 5 size 8 Array Of Cards #cards 12 size 40 Howl #buckets 4 coarsen threshold 1843 Howl Bitmap #cards 512 size 80 coarsen threshold 460 Card regions per heap region 1 cards per card region 2048
 CPUs: 8 total, 8 available
 Memory: 6005M
 Large Page Support: Disabled
 NUMA Support: Disabled
 Compressed Oops: Enabled (32-bit)
 Heap Region Size: 1M
 Heap Min Capacity: 8M
 Heap Initial Capacity: 94M
 Heap Max Capacity: 1G
 Pre-touch: Disabled
 Parallel Workers: 8
 Concurrent Workers: 2
 Concurrent Refinement Workers: 8
 Periodic GC: Disabled
Heap:
 garbage-first heap   total 165888K, used 131858K [0x00000000c0000000, 0x0000000100000000)
  region size 1024K, 34 young (34816K), 7 survivors (7168K)
 Metaspace       used 140315K, committed 142400K, reserved 458752K
  class space    used 18776K, committed 19776K, reserved 327680K
GC Heap History (20 events):
Event: 19.236 GC heap before
{Heap before GC invocations=36 (full 0):
 garbage-first heap   total 138240K, used 127804K [0x00000000c0000000, 0x0000000100000000)
  region size 1024K, 63 young (64512K), 5 survivors (5120K)
 Metaspace       used 76803K, committed 78784K, reserved 458752K
  class space    used 10900K, committed 11904K, reserved 327680K
}
Event: 19.241 GC heap after
{Heap after GC invocations=37 (full 0):
 garbage-first heap   total 138240K, used 70835K [0x00000000c0000000, 0x0000000100000000)
  region size 1024K, 6 young (6144K), 6 survivors (6144K)
 Metaspace       used 76803K, committed 78784K, reserved 458752K
  class space    used 10900K, committed 11904K, reserved 327680K
}
Event: 20.066 GC heap before
{Heap before GC invocations=37 (full 0):
 garbage-first heap   total 138240K, used 128179K [0x00000000c0000000, 0x0000000100000000)
  region size 1024K, 63 young (64512K), 6 survivors (6144K)
 Metaspace       used 83403K, committed 85376K, reserved 458752K
  class space    used 11760K, committed 12736K, reserved 327680K
}
Event: 20.072 GC heap after
{Heap after GC invocations=38 (full 0):
 garbage-first heap   total 140288K, used 75159K [0x00000000c0000000, 0x0000000100000000)
  region size 1024K, 8 young (8192K), 8 survivors (8192K)
 Metaspace       used 83403K, committed 85376K, reserved 458752K
  class space    used 11760K, committed 12736K, reserved 327680K
}
Event: 20.332 GC heap before
{Heap before GC invocations=39 (full 0):
 garbage-first heap   total 140288K, used 131479K [0x00000000c0000000, 0x0000000100000000)
  region size 1024K, 63 young (64512K), 8 survivors (8192K)
 Metaspace       used 83840K, committed 85888K, reserved 458752K
  class space    used 11816K, committed 12864K, reserved 327680K
}
Event: 20.338 GC heap after
{Heap after GC invocations=40 (full 0):
 garbage-first heap   total 142336K, used 76982K [0x00000000c0000000, 0x0000000100000000)
  region size 1024K, 2 young (2048K), 2 survivors (2048K)
 Metaspace       used 83840K, committed 85888K, reserved 458752K
  class space    used 11816K, committed 12864K, reserved 327680K
}
Event: 20.952 GC heap before
{Heap before GC invocations=40 (full 0):
 garbage-first heap   total 142336K, used 138422K [0x00000000c0000000, 0x0000000100000000)
  region size 1024K, 57 young (58368K), 2 survivors (2048K)
 Metaspace       used 87578K, committed 89600K, reserved 458752K
  class space    used 12163K, committed 13184K, reserved 327680K
}
Event: 20.955 GC heap after
{Heap after GC invocations=41 (full 0):
 garbage-first heap   total 145408K, used 83285K [0x00000000c0000000, 0x0000000100000000)
  region size 1024K, 4 young (4096K), 4 survivors (4096K)
 Metaspace       used 87578K, committed 89600K, reserved 458752K
  class space    used 12163K, committed 13184K, reserved 327680K
}
Event: 22.774 GC heap before
{Heap before GC invocations=41 (full 0):
 garbage-first heap   total 145408K, used 135509K [0x00000000c0000000, 0x0000000100000000)
  region size 1024K, 56 young (57344K), 4 survivors (4096K)
 Metaspace       used 96744K, committed 98752K, reserved 458752K
  class space    used 13323K, committed 14336K, reserved 327680K
}
Event: 22.778 GC heap after
{Heap after GC invocations=42 (full 0):
 garbage-first heap   total 145408K, used 84766K [0x00000000c0000000, 0x0000000100000000)
  region size 1024K, 5 young (5120K), 5 survivors (5120K)
 Metaspace       used 96744K, committed 98752K, reserved 458752K
  class space    used 13323K, committed 14336K, reserved 327680K
}
Event: 24.271 GC heap before
{Heap before GC invocations=43 (full 0):
 garbage-first heap   total 145408K, used 135966K [0x00000000c0000000, 0x0000000100000000)
  region size 1024K, 56 young (57344K), 5 survivors (5120K)
 Metaspace       used 109946K, committed 111936K, reserved 458752K
  class space    used 15442K, committed 16448K, reserved 327680K
}
Event: 24.276 GC heap after
{Heap after GC invocations=44 (full 0):
 garbage-first heap   total 145408K, used 87142K [0x00000000c0000000, 0x0000000100000000)
  region size 1024K, 4 young (4096K), 4 survivors (4096K)
 Metaspace       used 109946K, committed 111936K, reserved 458752K
  class space    used 15442K, committed 16448K, reserved 327680K
}
Event: 25.665 GC heap before
{Heap before GC invocations=44 (full 0):
 garbage-first heap   total 145408K, used 135270K [0x00000000c0000000, 0x0000000100000000)
  region size 1024K, 52 young (53248K), 4 survivors (4096K)
 Metaspace       used 116704K, committed 118720K, reserved 458752K
  class space    used 16291K, committed 17280K, reserved 327680K
}
Event: 25.675 GC heap after
{Heap after GC invocations=45 (full 0):
 garbage-first heap   total 147456K, used 92160K [0x00000000c0000000, 0x0000000100000000)
  region size 1024K, 7 young (7168K), 7 survivors (7168K)
 Metaspace       used 116704K, committed 118720K, reserved 458752K
  class space    used 16291K, committed 17280K, reserved 327680K
}
Event: 26.647 GC heap before
{Heap before GC invocations=45 (full 0):
 garbage-first heap   total 147456K, used 136192K [0x00000000c0000000, 0x0000000100000000)
  region size 1024K, 51 young (52224K), 7 survivors (7168K)
 Metaspace       used 122484K, committed 124608K, reserved 458752K
  class space    used 16895K, committed 17920K, reserved 327680K
}
Event: 26.657 GC heap after
{Heap after GC invocations=46 (full 0):
 garbage-first heap   total 151552K, used 99219K [0x00000000c0000000, 0x0000000100000000)
  region size 1024K, 7 young (7168K), 7 survivors (7168K)
 Metaspace       used 122484K, committed 124608K, reserved 458752K
  class space    used 16895K, committed 17920K, reserved 327680K
}
Event: 27.600 GC heap before
{Heap before GC invocations=47 (full 0):
 garbage-first heap   total 165888K, used 138131K [0x00000000c0000000, 0x0000000100000000)
  region size 1024K, 46 young (47104K), 7 survivors (7168K)
 Metaspace       used 128954K, committed 131008K, reserved 458752K
  class space    used 17553K, committed 18560K, reserved 327680K
}
Event: 27.608 GC heap after
{Heap after GC invocations=48 (full 0):
 garbage-first heap   total 165888K, used 101348K [0x00000000c0000000, 0x0000000100000000)
  region size 1024K, 3 young (3072K), 3 survivors (3072K)
 Metaspace       used 128954K, committed 131008K, reserved 458752K
  class space    used 17553K, committed 18560K, reserved 327680K
}
Event: 28.571 GC heap before
{Heap before GC invocations=48 (full 0):
 garbage-first heap   total 165888K, used 147428K [0x00000000c0000000, 0x0000000100000000)
  region size 1024K, 49 young (50176K), 3 survivors (3072K)
 Metaspace       used 136207K, committed 138240K, reserved 458752K
  class space    used 18331K, committed 19328K, reserved 327680K
}
Event: 28.578 GC heap after
{Heap after GC invocations=49 (full 0):
 garbage-first heap   total 165888K, used 105234K [0x00000000c0000000, 0x0000000100000000)
  region size 1024K, 7 young (7168K), 7 survivors (7168K)
 Metaspace       used 136207K, committed 138240K, reserved 458752K
  class space    used 18331K, committed 19328K, reserved 327680K
}

