# JRE version: OpenJDK Runtime Environment (21.0.10) (build 21.0.10+-14961533-b1163.108)
# Java VM: OpenJDK 64-Bit Server VM (21.0.10+-14961533-b1163.108, mixed mode, tiered, compressed oops, compressed class ptrs, g1 gc, windows-amd64)
GC Precious Log:
 CardTable entry size: 512
 Card Set container configuration: InlinePtr #cards 5 size 8 Array Of Cards #cards 12 size 40 Howl #buckets 4 coarsen threshold 1843 Howl Bitmap #cards 512 size 80 coarsen threshold 460 Card regions per heap region 1 cards per card region 2048
 CPUs: 8 total, 8 available
 Memory: 6005M
 Large Page Support: Disabled
 NUMA Support: Disabled
 Compressed Oops: Enabled (32-bit)
 Heap Region Size: 1M
 Heap Min Capacity: 8M
 Heap Initial Capacity: 94M
 Heap Max Capacity: 1536M
 Pre-touch: Disabled
 Parallel Workers: 8
 Concurrent Workers: 2
 Concurrent Refinement Workers: 8
 Periodic GC: Disabled
Heap:
 garbage-first heap   total 135168K, used 99646K [0x00000000a0000000, 0x0000000100000000)
  region size 1024K, 31 young (31744K), 7 survivors (7168K)
 Metaspace       used 89772K, committed 91712K, reserved 1179648K
  class space    used 12509K, committed 13440K, reserved 1048576K
GC Heap History (20 events):
Event: 23.468 GC heap before
{Heap before GC invocations=30 (full 0):
 garbage-first heap   total 92160K, used 85448K [0x00000000a0000000, 0x0000000100000000)
  region size 1024K, 42 young (43008K), 2 survivors (2048K)
 Metaspace       used 72235K, committed 74048K, reserved 1114112K
  class space    used 10117K, committed 11008K, reserved 1048576K
}
Event: 23.471 GC heap after
{Heap after GC invocations=31 (full 0):
 garbage-first heap   total 92160K, used 46045K [0x00000000a0000000, 0x0000000100000000)
  region size 1024K, 3 young (3072K), 3 survivors (3072K)
 Metaspace       used 72235K, committed 74048K, reserved 1114112K
  class space    used 10117K, committed 11008K, reserved 1048576K
}
Event: 23.801 GC heap before
{Heap before GC invocations=31 (full 0):
 garbage-first heap   total 92160K, used 85981K [0x00000000a0000000, 0x0000000100000000)
  region size 1024K, 42 young (43008K), 3 survivors (3072K)
 Metaspace       used 72250K, committed 74112K, reserved 1114112K
  class space    used 10117K, committed 11008K, reserved 1048576K
}
Event: 23.804 GC heap after
{Heap after GC invocations=32 (full 0):
 garbage-first heap   total 92160K, used 46466K [0x00000000a0000000, 0x0000000100000000)
  region size 1024K, 3 young (3072K), 3 survivors (3072K)
 Metaspace       used 72250K, committed 74112K, reserved 1114112K
  class space    used 10117K, committed 11008K, reserved 1048576K
}
Event: 24.072 GC heap before
{Heap before GC invocations=33 (full 0):
 garbage-first heap   total 92160K, used 85378K [0x00000000a0000000, 0x0000000100000000)
  region size 1024K, 42 young (43008K), 3 survivors (3072K)
 Metaspace       used 72259K, committed 74112K, reserved 1114112K
  class space    used 10117K, committed 11008K, reserved 1048576K
}
Event: 24.075 GC heap after
{Heap after GC invocations=34 (full 0):
 garbage-first heap   total 92160K, used 46723K [0x00000000a0000000, 0x0000000100000000)
  region size 1024K, 4 young (4096K), 4 survivors (4096K)
 Metaspace       used 72259K, committed 74112K, reserved 1114112K
  class space    used 10117K, committed 11008K, reserved 1048576K
}
Event: 24.174 GC heap before
{Heap before GC invocations=34 (full 0):
 garbage-first heap   total 92160K, used 85635K [0x00000000a0000000, 0x0000000100000000)
  region size 1024K, 42 young (43008K), 4 survivors (4096K)
 Metaspace       used 72267K, committed 74112K, reserved 1114112K
  class space    used 10117K, committed 11008K, reserved 1048576K
}
Event: 24.178 GC heap after
{Heap after GC invocations=35 (full 0):
 garbage-first heap   total 92160K, used 46937K [0x00000000a0000000, 0x0000000100000000)
  region size 1024K, 4 young (4096K), 4 survivors (4096K)
 Metaspace       used 72267K, committed 74112K, reserved 1114112K
  class space    used 10117K, committed 11008K, reserved 1048576K
}
Event: 24.268 GC heap before
{Heap before GC invocations=35 (full 0):
 garbage-first heap   total 92160K, used 84825K [0x00000000a0000000, 0x0000000100000000)
  region size 1024K, 42 young (43008K), 4 survivors (4096K)
 Metaspace       used 72274K, committed 74112K, reserved 1114112K
  class space    used 10118K, committed 11008K, reserved 1048576K
}
Event: 24.272 GC heap after
{Heap after GC invocations=36 (full 0):
 garbage-first heap   total 115712K, used 47440K [0x00000000a0000000, 0x0000000100000000)
  region size 1024K, 4 young (4096K), 4 survivors (4096K)
 Metaspace       used 72274K, committed 74112K, reserved 1114112K
  class space    used 10118K, committed 11008K, reserved 1048576K
}
Event: 24.588 GC heap before
{Heap before GC invocations=37 (full 0):
 garbage-first heap   total 115712K, used 106832K [0x00000000a0000000, 0x0000000100000000)
  region size 1024K, 63 young (64512K), 4 survivors (4096K)
 Metaspace       used 72432K, committed 74240K, reserved 1114112K
  class space    used 10148K, committed 11008K, reserved 1048576K
}
Event: 24.592 GC heap after
{Heap after GC invocations=38 (full 0):
 garbage-first heap   total 115712K, used 48052K [0x00000000a0000000, 0x0000000100000000)
  region size 1024K, 5 young (5120K), 5 survivors (5120K)
 Metaspace       used 72432K, committed 74240K, reserved 1114112K
  class space    used 10148K, committed 11008K, reserved 1048576K
}
Event: 28.058 GC heap before
{Heap before GC invocations=38 (full 0):
 garbage-first heap   total 115712K, used 113588K [0x00000000a0000000, 0x0000000100000000)
  region size 1024K, 61 young (62464K), 5 survivors (5120K)
 Metaspace       used 75797K, committed 77760K, reserved 1179648K
  class space    used 10590K, committed 11520K, reserved 1048576K
}
Event: 28.068 GC heap after
{Heap after GC invocations=39 (full 0):
 garbage-first heap   total 129024K, used 64198K [0x00000000a0000000, 0x0000000100000000)
  region size 1024K, 8 young (8192K), 8 survivors (8192K)
 Metaspace       used 75797K, committed 77760K, reserved 1179648K
  class space    used 10590K, committed 11520K, reserved 1048576K
}
Event: 29.886 GC heap before
{Heap before GC invocations=39 (full 0):
 garbage-first heap   total 129024K, used 101062K [0x00000000a0000000, 0x0000000100000000)
  region size 1024K, 45 young (46080K), 8 survivors (8192K)
 Metaspace       used 79894K, committed 81920K, reserved 1179648K
  class space    used 11142K, committed 12096K, reserved 1048576K
}
Event: 29.893 GC heap after
{Heap after GC invocations=40 (full 0):
 garbage-first heap   total 129024K, used 65436K [0x00000000a0000000, 0x0000000100000000)
  region size 1024K, 2 young (2048K), 2 survivors (2048K)
 Metaspace       used 79894K, committed 81920K, reserved 1179648K
  class space    used 11142K, committed 12096K, reserved 1048576K
}
Event: 33.867 GC heap before
{Heap before GC invocations=41 (full 0):
 garbage-first heap   total 129024K, used 120732K [0x00000000a0000000, 0x0000000100000000)
  region size 1024K, 54 young (55296K), 2 survivors (2048K)
 Metaspace       used 84746K, committed 86784K, reserved 1179648K
  class space    used 11834K, committed 12800K, reserved 1048576K
}
Event: 33.872 GC heap after
{Heap after GC invocations=42 (full 0):
 garbage-first heap   total 129024K, used 70929K [0x00000000a0000000, 0x0000000100000000)
  region size 1024K, 5 young (5120K), 5 survivors (5120K)
 Metaspace       used 84746K, committed 86784K, reserved 1179648K
  class space    used 11834K, committed 12800K, reserved 1048576K
}
Event: 35.591 GC heap before
{Heap before GC invocations=42 (full 0):
 garbage-first heap   total 129024K, used 124177K [0x00000000a0000000, 0x0000000100000000)
  region size 1024K, 52 young (53248K), 5 survivors (5120K)
 Metaspace       used 87892K, committed 89920K, reserved 1179648K
  class space    used 12283K, committed 13248K, reserved 1048576K
}
Event: 35.597 GC heap after
{Heap after GC invocations=43 (full 0):
 garbage-first heap   total 135168K, used 76094K [0x00000000a0000000, 0x0000000100000000)
  region size 1024K, 7 young (7168K), 7 survivors (7168K)
 Metaspace       used 87892K, committed 89920K, reserved 1179648K
  class space    used 12283K, committed 13248K, reserved 1048576K
}

