# JRE version: OpenJDK Runtime Environment (21.0.10) (build 21.0.10+-14961533-b1163.108)
# Java VM: OpenJDK 64-Bit Server VM (21.0.10+-14961533-b1163.108, mixed mode, tiered, compressed oops, compressed class ptrs, g1 gc, windows-amd64)
GC Precious Log:
 CardTable entry size: 512
 Card Set container configuration: InlinePtr #cards 5 size 8 Array Of Cards #cards 12 size 40 Howl #buckets 4 coarsen threshold 1843 Howl Bitmap #cards 512 size 80 coarsen threshold 460 Card regions per heap region 1 cards per card region 2048
 CPUs: 8 total, 8 available
 Memory: 6005M
 Large Page Support: Disabled
 NUMA Support: Disabled
 Compressed Oops: Enabled (32-bit)
 Heap Region Size: 1M
 Heap Min Capacity: 8M
 Heap Initial Capacity: 94M
 Heap Max Capacity: 2G
 Pre-touch: Disabled
 Parallel Workers: 8
 Concurrent Workers: 2
 Concurrent Refinement Workers: 8
 Periodic GC: Disabled
Heap:
 garbage-first heap   total 103424K, used 58908K [0x0000000080000000, 0x0000000100000000)
  region size 1024K, 26 young (26624K), 5 survivors (5120K)
 Metaspace       used 54071K, committed 55552K, reserved 1114112K
  class space    used 7331K, committed 8064K, reserved 1048576K
GC Heap History (20 events):
Event: 20.728 GC heap before
{Heap before GC invocations=45 (full 0):
 garbage-first heap   total 82944K, used 70087K [0x0000000080000000, 0x0000000100000000)
  region size 1024K, 39 young (39936K), 3 survivors (3072K)
 Metaspace       used 54061K, committed 55552K, reserved 1114112K
  class space    used 7330K, committed 8064K, reserved 1048576K
}
Event: 20.730 GC heap after
{Heap after GC invocations=46 (full 0):
 garbage-first heap   total 82944K, used 35800K [0x0000000080000000, 0x0000000100000000)
  region size 1024K, 3 young (3072K), 3 survivors (3072K)
 Metaspace       used 54061K, committed 55552K, reserved 1114112K
  class space    used 7330K, committed 8064K, reserved 1048576K
}
Event: 21.209 GC heap before
{Heap before GC invocations=47 (full 0):
 garbage-first heap   total 82944K, used 81880K [0x0000000080000000, 0x0000000100000000)
  region size 1024K, 43 young (44032K), 3 survivors (3072K)
 Metaspace       used 54066K, committed 55552K, reserved 1114112K
  class space    used 7330K, committed 8064K, reserved 1048576K
}
Event: 21.211 GC heap after
{Heap after GC invocations=48 (full 0):
 garbage-first heap   total 86016K, used 36096K [0x0000000080000000, 0x0000000100000000)
  region size 1024K, 3 young (3072K), 3 survivors (3072K)
 Metaspace       used 54066K, committed 55552K, reserved 1114112K
  class space    used 7330K, committed 8064K, reserved 1048576K
}
Event: 21.598 GC heap before
{Heap before GC invocations=48 (full 0):
 garbage-first heap   total 86016K, used 80128K [0x0000000080000000, 0x0000000100000000)
  region size 1024K, 46 young (47104K), 3 survivors (3072K)
 Metaspace       used 54066K, committed 55552K, reserved 1114112K
  class space    used 7330K, committed 8064K, reserved 1048576K
}
Event: 21.601 GC heap after
{Heap after GC invocations=49 (full 0):
 garbage-first heap   total 86016K, used 36175K [0x0000000080000000, 0x0000000100000000)
  region size 1024K, 3 young (3072K), 3 survivors (3072K)
 Metaspace       used 54066K, committed 55552K, reserved 1114112K
  class space    used 7330K, committed 8064K, reserved 1048576K
}
Event: 21.848 GC heap before
{Heap before GC invocations=49 (full 0):
 garbage-first heap   total 86016K, used 80207K [0x0000000080000000, 0x0000000100000000)
  region size 1024K, 46 young (47104K), 3 survivors (3072K)
 Metaspace       used 54068K, committed 55552K, reserved 1114112K
  class space    used 7330K, committed 8064K, reserved 1048576K
}
Event: 21.849 GC heap after
{Heap after GC invocations=50 (full 0):
 garbage-first heap   total 86016K, used 36910K [0x0000000080000000, 0x0000000100000000)
  region size 1024K, 4 young (4096K), 4 survivors (4096K)
 Metaspace       used 54068K, committed 55552K, reserved 1114112K
  class space    used 7330K, committed 8064K, reserved 1048576K
}
Event: 22.067 GC heap before
{Heap before GC invocations=51 (full 0):
 garbage-first heap   total 86016K, used 79918K [0x0000000080000000, 0x0000000100000000)
  region size 1024K, 46 young (47104K), 4 survivors (4096K)
 Metaspace       used 54068K, committed 55552K, reserved 1114112K
  class space    used 7330K, committed 8064K, reserved 1048576K
}
Event: 22.069 GC heap after
{Heap after GC invocations=52 (full 0):
 garbage-first heap   total 86016K, used 37043K [0x0000000080000000, 0x0000000100000000)
  region size 1024K, 4 young (4096K), 4 survivors (4096K)
 Metaspace       used 54068K, committed 55552K, reserved 1114112K
  class space    used 7330K, committed 8064K, reserved 1048576K
}
Event: 22.317 GC heap before
{Heap before GC invocations=52 (full 0):
 garbage-first heap   total 86016K, used 80051K [0x0000000080000000, 0x0000000100000000)
  region size 1024K, 46 young (47104K), 4 survivors (4096K)
 Metaspace       used 54068K, committed 55552K, reserved 1114112K
  class space    used 7330K, committed 8064K, reserved 1048576K
}
Event: 22.320 GC heap after
{Heap after GC invocations=53 (full 0):
 garbage-first heap   total 86016K, used 36868K [0x0000000080000000, 0x0000000100000000)
  region size 1024K, 4 young (4096K), 4 survivors (4096K)
 Metaspace       used 54068K, committed 55552K, reserved 1114112K
  class space    used 7330K, committed 8064K, reserved 1048576K
}
Event: 22.542 GC heap before
{Heap before GC invocations=53 (full 0):
 garbage-first heap   total 86016K, used 79876K [0x0000000080000000, 0x0000000100000000)
  region size 1024K, 46 young (47104K), 4 survivors (4096K)
 Metaspace       used 54068K, committed 55552K, reserved 1114112K
  class space    used 7330K, committed 8064K, reserved 1048576K
}
Event: 22.544 GC heap after
{Heap after GC invocations=54 (full 0):
 garbage-first heap   total 86016K, used 37264K [0x0000000080000000, 0x0000000100000000)
  region size 1024K, 4 young (4096K), 4 survivors (4096K)
 Metaspace       used 54068K, committed 55552K, reserved 1114112K
  class space    used 7330K, committed 8064K, reserved 1048576K
}
Event: 22.756 GC heap before
{Heap before GC invocations=55 (full 0):
 garbage-first heap   total 86016K, used 79248K [0x0000000080000000, 0x0000000100000000)
  region size 1024K, 45 young (46080K), 4 survivors (4096K)
 Metaspace       used 54069K, committed 55552K, reserved 1114112K
  class space    used 7331K, committed 8064K, reserved 1048576K
}
Event: 22.758 GC heap after
{Heap after GC invocations=56 (full 0):
 garbage-first heap   total 86016K, used 37387K [0x0000000080000000, 0x0000000100000000)
  region size 1024K, 4 young (4096K), 4 survivors (4096K)
 Metaspace       used 54069K, committed 55552K, reserved 1114112K
  class space    used 7331K, committed 8064K, reserved 1048576K
}
Event: 22.919 GC heap before
{Heap before GC invocations=56 (full 0):
 garbage-first heap   total 86016K, used 79371K [0x0000000080000000, 0x0000000100000000)
  region size 1024K, 45 young (46080K), 4 survivors (4096K)
 Metaspace       used 54070K, committed 55552K, reserved 1114112K
  class space    used 7331K, committed 8064K, reserved 1048576K
}
Event: 22.923 GC heap after
{Heap after GC invocations=57 (full 0):
 garbage-first heap   total 103424K, used 37572K [0x0000000080000000, 0x0000000100000000)
  region size 1024K, 4 young (4096K), 4 survivors (4096K)
 Metaspace       used 54070K, committed 55552K, reserved 1114112K
  class space    used 7331K, committed 8064K, reserved 1048576K
}
Event: 23.142 GC heap before
{Heap before GC invocations=57 (full 0):
 garbage-first heap   total 103424K, used 94916K [0x0000000080000000, 0x0000000100000000)
  region size 1024K, 60 young (61440K), 4 survivors (4096K)
 Metaspace       used 54070K, committed 55552K, reserved 1114112K
  class space    used 7331K, committed 8064K, reserved 1048576K
}
Event: 23.144 GC heap after
{Heap after GC invocations=58 (full 0):
 garbage-first heap   total 103424K, used 37800K [0x0000000080000000, 0x0000000100000000)
  region size 1024K, 4 young (4096K), 4 survivors (4096K)
 Metaspace       used 54070K, committed 55552K, reserved 1114112K
  class space    used 7331K, committed 8064K, reserved 1048576K
}

